#
# There is insufficient memory for the Java Runtime Environment to continue.
# Native memory allocation (malloc) failed to allocate 720736 bytes for Chunk::new
# Possible reasons:
#   The system is out of physical RAM or swap space
#   The process is running with CompressedOops enabled, and the Java Heap may be blocking the growth of the native heap
# Possible solutions:
#   Reduce memory load on the system
#   Increase physical memory or swap space
#   Check if swap backing store is full
#   Decrease Java heap size (-Xmx/-Xms)
#   Decrease number of Java threads
#   Decrease Java thread stack sizes (-Xss)
#   Set larger code cache with -XX:ReservedCodeCacheSize=
#   JVM is running with Unscaled Compressed Oops mode in which the Java heap is
#     placed in the first 4GB address space. The Java Heap base address is the
#     maximum limit for the native heap growth. Please use -XX:HeapBaseMinAddress
#     to set the Java Heap base and to place the Java Heap above 4GB virtual address.
# This output file may be truncated or incomplete.
#
#  Out of Memory Error (./open/src/hotspot/share/memory/arena.cpp:195), pid=413000, tid=400192
#
# JRE version: OpenJDK Runtime Environment (14.0.1+7) (build 14.0.1+7)
# Java VM: OpenJDK 64-Bit Server VM (14.0.1+7, mixed mode, sharing, tiered, compressed oops, g1 gc, windows-amd64)
# No core dump will be written. Minidumps are not enabled by default on client versions of Windows
#

---------------  S U M M A R Y ------------

Command Line: -ea -javaagent:C:\Users\n1514868\.m2\repository/org/aspectj/aspectjweaver/1.9.2/aspectjweaver-1.9.2.jar -Didea.test.cyclic.buffer.size=1048576 -javaagent:C:\Program Files\JetBrains\IntelliJ IDEA Community Edition 2020.1.3\lib\idea_rt.jar=61901:C:\Program Files\JetBrains\IntelliJ IDEA Community Edition 2020.1.3\bin -Dfile.encoding=UTF-8 com.intellij.rt.testng.RemoteTestNGStarter -usedefaultlisteners false -socket61900 @w@C:\Users\n1514868\AppData\Local\Temp\idea_working_dirs_testng.tmp -temp C:\Users\n1514868\AppData\Local\Temp\idea_testng.tmp

Host: Intel(R) Xeon(R) Platinum 8280M CPU @ 2.70GHz, 4 cores, 7G,  Windows 10 , 64 bit Build 17763 (10.0.17763.1339)
Time: Fri Sep 25 14:02:08 2020 Eastern Daylight Time elapsed time: 8 seconds (0d 0h 0m 8s)

---------------  T H R E A D  ---------------

Current thread (0x0000024b3e11b000):  JavaThread "C2 CompilerThread0" daemon [_thread_in_native, id=400192, stack(0x0000008651000000,0x0000008651100000)]


Current CompileTask:
C2:   8984 3014       4       org.aspectj.apache.bcel.generic.Type::getType (232 bytes)

Stack: [0x0000008651000000,0x0000008651100000]
Native frames: (J=compiled Java code, j=interpreted, Vv=VM code, C=native code)
V  [jvm.dll+0x5f840a]
V  [jvm.dll+0x741e4a]
V  [jvm.dll+0x7435ff]
V  [jvm.dll+0x743c43]
V  [jvm.dll+0x20d288]
V  [jvm.dll+0xabb07]
V  [jvm.dll+0xac1fc]
V  [jvm.dll+0x31c4c5]
V  [jvm.dll+0x2e6b48]
V  [jvm.dll+0x2e5f4a]
V  [jvm.dll+0x1e5e16]
V  [jvm.dll+0x1e50b8]
V  [jvm.dll+0x1779cc]
V  [jvm.dll+0x1f4105]
V  [jvm.dll+0x1f22eb]
V  [jvm.dll+0x706a9d]
V  [jvm.dll+0x6ff8ba]
V  [jvm.dll+0x5f72c6]
C  [ucrtbase.dll+0x21ffa]
C  [KERNEL32.DLL+0x17974]
C  [ntdll.dll+0x6a271]


---------------  P R O C E S S  ---------------

Threads class SMR info:
_java_thread_list=0x0000024b40e6f280, length=20, elements={
0x0000024b1f151000, 0x0000024b3e0fb000, 0x0000024b3e0fc000, 0x0000024b3e117800,
0x0000024b3e119000, 0x0000024b3e11a000, 0x0000024b3e11b000, 0x0000024b3e16b800,
0x0000024b3e188000, 0x0000024b3d8d9800, 0x0000024b3eb5e800, 0x0000024b3edc5800,
0x0000024b3f7bb800, 0x0000024b40cfc800, 0x0000024b40ec9800, 0x0000024b41134800,
0x0000024b3fdb3800, 0x0000024b3f55b800, 0x0000024b41c75000, 0x0000024b41c70000
}

Java Threads: ( => current thread )
  0x0000024b1f151000 JavaThread "main" [_thread_blocked, id=375292, stack(0x0000008650400000,0x0000008650500000)]
  0x0000024b3e0fb000 JavaThread "Reference Handler" daemon [_thread_blocked, id=406328, stack(0x0000008650b00000,0x0000008650c00000)]
  0x0000024b3e0fc000 JavaThread "Finalizer" daemon [_thread_blocked, id=407048, stack(0x0000008650c00000,0x0000008650d00000)]
  0x0000024b3e117800 JavaThread "Signal Dispatcher" daemon [_thread_blocked, id=76736, stack(0x0000008650d00000,0x0000008650e00000)]
  0x0000024b3e119000 JavaThread "Attach Listener" daemon [_thread_blocked, id=406496, stack(0x0000008650e00000,0x0000008650f00000)]
  0x0000024b3e11a000 JavaThread "Service Thread" daemon [_thread_blocked, id=62376, stack(0x0000008650f00000,0x0000008651000000)]
=>0x0000024b3e11b000 JavaThread "C2 CompilerThread0" daemon [_thread_in_native, id=400192, stack(0x0000008651000000,0x0000008651100000)]
  0x0000024b3e16b800 JavaThread "C1 CompilerThread0" daemon [_thread_blocked, id=372988, stack(0x0000008651100000,0x0000008651200000)]
  0x0000024b3e188000 JavaThread "Sweeper thread" daemon [_thread_blocked, id=399364, stack(0x0000008651200000,0x0000008651300000)]
  0x0000024b3d8d9800 JavaThread "Common-Cleaner" daemon [_thread_blocked, id=292048, stack(0x0000008651300000,0x0000008651400000)]
  0x0000024b3eb5e800 JavaThread "Monitor Ctrl-Break" daemon [_thread_in_native, id=401572, stack(0x0000008651600000,0x0000008651700000)]
  0x0000024b3edc5800 JavaThread "Notification Thread" daemon [_thread_blocked, id=299132, stack(0x0000008651700000,0x0000008651800000)]
  0x0000024b3f7bb800 JavaThread "Exec Default Executor" daemon [_thread_in_native, id=376748, stack(0x0000008651a00000,0x0000008651b00000)]
  0x0000024b40cfc800 JavaThread "UrlChecker-2" daemon [_thread_blocked, id=352428, stack(0x0000008651b00000,0x0000008651c00000)]
  0x0000024b40ec9800 JavaThread "Exec Stream Pumper" daemon [_thread_in_native, id=358732, stack(0x0000008651d00000,0x0000008651e00000)]
  0x0000024b41134800 JavaThread "Exec Stream Pumper" daemon [_thread_in_native, id=385988, stack(0x0000008651e00000,0x0000008651f00000)]
  0x0000024b3fdb3800 JavaThread "Keep-Alive-Timer" daemon [_thread_blocked, id=412004, stack(0x0000008651900000,0x0000008651a00000)]
  0x0000024b3f55b800 JavaThread "C2 CompilerThread1" daemon [_thread_blocked, id=413088, stack(0x0000008651f00000,0x0000008652000000)]
  0x0000024b41c75000 JavaThread "OkHttp ConnectionPool" daemon [_thread_blocked, id=400580, stack(0x0000008652000000,0x0000008652100000)]
  0x0000024b41c70000 JavaThread "Okio Watchdog" daemon [_thread_blocked, id=405012, stack(0x0000008652100000,0x0000008652200000)]

Other Threads:
  0x0000024b3d8ee800 VMThread "VM Thread" [stack: 0x0000008650a00000,0x0000008650b00000] [id=401324]
  0x0000024b3ed24800 WatcherThread [stack: 0x0000008651800000,0x0000008651900000] [id=407632]
  0x0000024b1f190000 GCTaskThread "GC Thread#0" [stack: 0x0000008650500000,0x0000008650600000] [id=310440]
  0x0000024b3e7fa800 GCTaskThread "GC Thread#1" [stack: 0x0000008651400000,0x0000008651500000] [id=384264]
  0x0000024b3eb2a800 GCTaskThread "GC Thread#2" [stack: 0x0000008651500000,0x0000008651600000] [id=411376]
  0x0000024b1f1a1000 ConcurrentGCThread "G1 Main Marker" [stack: 0x0000008650600000,0x0000008650700000] [id=403308]
  0x0000024b1f1a2800 ConcurrentGCThread "G1 Conc#0" [stack: 0x0000008650700000,0x0000008650800000] [id=403504]
  0x0000024b3d763800 ConcurrentGCThread "G1 Refine#0" [stack: 0x0000008650800000,0x0000008650900000] [id=309308]
  0x0000024b3d765800 ConcurrentGCThread "G1 Young RemSet Sampling" [stack: 0x0000008650900000,0x0000008650a00000] [id=381648]

Threads with active compile tasks:
C2 CompilerThread0     9033 3014       4       org.aspectj.apache.bcel.generic.Type::getType (232 bytes)
C2 CompilerThread1     9033 3022 %     4       sun.nio.fs.WindowsPathParser::normalize @ 18 (233 bytes)

VM state:at safepoint (normal execution)

VM Mutex/Monitor currently owned by a thread:  ([mutex/lock_event])
[0x0000024b1f143090] Threads_lock - owner thread: 0x0000024b3d8ee800
[0x0000024b1cf5f7c0] Heap_lock - owner thread: 0x0000024b1f151000

Heap address: 0x0000000081800000, size: 2024 MB, Compressed Oops mode: 32-bit
Narrow klass base: 0x0000000800000000, Narrow klass shift: 3
Compressed class space size: 1073741824 Address: 0x0000000800b30000

Heap:
 garbage-first heap   total 96256K, used 73283K [0x0000000081800000, 0x0000000100000000)
  region size 1024K, 50 young (51200K), 3 survivors (3072K)
 Metaspace       used 24417K, capacity 25018K, committed 25216K, reserved 1071104K
  class space    used 2601K, capacity 2834K, committed 2944K, reserved 1048576K
Heap Regions: E=young(eden), S=young(survivor), O=old, HS=humongous(starts), HC=humongous(continues), CS=collection set, F=free, OA=open archive, CA=closed archive, TAMS=top-at-mark-start (previous, next)
|   0|0x0000000081800000, 0x0000000081900000, 0x0000000081900000|100%| O|  |TAMS 0x0000000081900000, 0x0000000081800000| Untracked 
|   1|0x0000000081900000, 0x0000000081a00000, 0x0000000081a00000|100%| O|  |TAMS 0x0000000081a00000, 0x0000000081900000| Untracked 
|   2|0x0000000081a00000, 0x0000000081b00000, 0x0000000081b00000|100%| O|  |TAMS 0x0000000081b00000, 0x0000000081a00000| Untracked 
|   3|0x0000000081b00000, 0x0000000081c00000, 0x0000000081c00000|100%| O|  |TAMS 0x0000000081c00000, 0x0000000081b00000| Untracked 
|   4|0x0000000081c00000, 0x0000000081d00000, 0x0000000081d00000|100%| O|  |TAMS 0x0000000081d00000, 0x0000000081c00000| Untracked 
|   5|0x0000000081d00000, 0x0000000081e00000, 0x0000000081e00000|100%| O|  |TAMS 0x0000000081e00000, 0x0000000081d00000| Untracked 
|   6|0x0000000081e00000, 0x0000000081f00000, 0x0000000081f00000|100%| O|  |TAMS 0x0000000081f00000, 0x0000000081e00000| Untracked 
|   7|0x0000000081f00000, 0x0000000082000000, 0x0000000082000000|100%| O|  |TAMS 0x0000000082000000, 0x0000000081f00000| Untracked 
|   8|0x0000000082000000, 0x0000000082100000, 0x0000000082100000|100%| O|  |TAMS 0x0000000082100000, 0x0000000082000000| Untracked 
|   9|0x0000000082100000, 0x0000000082200000, 0x0000000082200000|100%| O|  |TAMS 0x0000000082200000, 0x0000000082100000| Untracked 
|  10|0x0000000082200000, 0x0000000082300000, 0x0000000082300000|100%| O|  |TAMS 0x0000000082300000, 0x0000000082200000| Untracked 
|  11|0x0000000082300000, 0x0000000082400000, 0x0000000082400000|100%| O|  |TAMS 0x0000000082400000, 0x0000000082300000| Untracked 
|  12|0x0000000082400000, 0x0000000082500000, 0x0000000082500000|100%| O|  |TAMS 0x0000000082500000, 0x0000000082400000| Untracked 
|  13|0x0000000082500000, 0x0000000082600000, 0x0000000082600000|100%| O|  |TAMS 0x0000000082600000, 0x0000000082500000| Untracked 
|  14|0x0000000082600000, 0x0000000082700000, 0x0000000082700000|100%| O|  |TAMS 0x0000000082700000, 0x0000000082600000| Untracked 
|  15|0x0000000082700000, 0x00000000827df800, 0x0000000082800000| 87%| O|  |TAMS 0x00000000827df800, 0x0000000082700000| Untracked 
|  16|0x0000000082800000, 0x0000000082900000, 0x0000000082900000|100%| O|  |TAMS 0x0000000082800000, 0x0000000082800000| Untracked 
|  17|0x0000000082900000, 0x0000000082a00000, 0x0000000082a00000|100%| O|  |TAMS 0x0000000082900000, 0x0000000082900000| Untracked 
|  18|0x0000000082a00000, 0x0000000082b00000, 0x0000000082b00000|100%| O|  |TAMS 0x0000000082a00000, 0x0000000082a00000| Untracked 
|  19|0x0000000082b00000, 0x0000000082c00000, 0x0000000082c00000|100%| O|  |TAMS 0x0000000082b00000, 0x0000000082b00000| Untracked 
|  20|0x0000000082c00000, 0x0000000082ccbdc0, 0x0000000082d00000| 79%| O|  |TAMS 0x0000000082c00000, 0x0000000082c00000| Untracked 
|  21|0x0000000082d00000, 0x0000000082d00000, 0x0000000082e00000|  0%| F|  |TAMS 0x0000000082d00000, 0x0000000082d00000| Untracked 
|  22|0x0000000082e00000, 0x0000000082e00000, 0x0000000082f00000|  0%| F|  |TAMS 0x0000000082e00000, 0x0000000082e00000| Untracked 
|  23|0x0000000082f00000, 0x0000000082f00000, 0x0000000083000000|  0%| F|  |TAMS 0x0000000082f00000, 0x0000000082f00000| Untracked 
|  24|0x0000000083000000, 0x0000000083000000, 0x0000000083100000|  0%| F|  |TAMS 0x0000000083000000, 0x0000000083000000| Untracked 
|  25|0x0000000083100000, 0x0000000083100000, 0x0000000083200000|  0%| F|  |TAMS 0x0000000083100000, 0x0000000083100000| Untracked 
|  26|0x0000000083200000, 0x0000000083200000, 0x0000000083300000|  0%| F|  |TAMS 0x0000000083200000, 0x0000000083200000| Untracked 
|  27|0x0000000083300000, 0x0000000083300000, 0x0000000083400000|  0%| F|  |TAMS 0x0000000083300000, 0x0000000083300000| Untracked 
|  28|0x0000000083400000, 0x0000000083400000, 0x0000000083500000|  0%| F|  |TAMS 0x0000000083400000, 0x0000000083400000| Untracked 
|  29|0x0000000083500000, 0x0000000083500000, 0x0000000083600000|  0%| F|  |TAMS 0x0000000083500000, 0x0000000083500000| Untracked 
|  30|0x0000000083600000, 0x0000000083600000, 0x0000000083700000|  0%| F|  |TAMS 0x0000000083600000, 0x0000000083600000| Untracked 
|  31|0x0000000083700000, 0x0000000083700000, 0x0000000083800000|  0%| F|  |TAMS 0x0000000083700000, 0x0000000083700000| Untracked 
|  32|0x0000000083800000, 0x0000000083800000, 0x0000000083900000|  0%| F|  |TAMS 0x0000000083800000, 0x0000000083800000| Untracked 
|  33|0x0000000083900000, 0x0000000083900000, 0x0000000083a00000|  0%| F|  |TAMS 0x0000000083900000, 0x0000000083900000| Untracked 
|  34|0x0000000083a00000, 0x0000000083a00000, 0x0000000083b00000|  0%| F|  |TAMS 0x0000000083a00000, 0x0000000083a00000| Untracked 
|  35|0x0000000083b00000, 0x0000000083c00000, 0x0000000083c00000|100%| S|  |TAMS 0x0000000083b00000, 0x0000000083b00000| Complete 
|  36|0x0000000083c00000, 0x0000000083d00000, 0x0000000083d00000|100%| S|  |TAMS 0x0000000083c00000, 0x0000000083c00000| Complete 
|  37|0x0000000083d00000, 0x0000000083e00000, 0x0000000083e00000|100%| S|  |TAMS 0x0000000083d00000, 0x0000000083d00000| Complete 
|  38|0x0000000083e00000, 0x0000000083f00000, 0x0000000083f00000|100%| E|CS|TAMS 0x0000000083e00000, 0x0000000083e00000| Complete 
|  39|0x0000000083f00000, 0x0000000084000000, 0x0000000084000000|100%| E|CS|TAMS 0x0000000083f00000, 0x0000000083f00000| Complete 
|  40|0x0000000084000000, 0x0000000084100000, 0x0000000084100000|100%| E|CS|TAMS 0x0000000084000000, 0x0000000084000000| Complete 
|  41|0x0000000084100000, 0x0000000084200000, 0x0000000084200000|100%| E|CS|TAMS 0x0000000084100000, 0x0000000084100000| Complete 
|  42|0x0000000084200000, 0x0000000084300000, 0x0000000084300000|100%| E|CS|TAMS 0x0000000084200000, 0x0000000084200000| Complete 
|  43|0x0000000084300000, 0x0000000084400000, 0x0000000084400000|100%| E|CS|TAMS 0x0000000084300000, 0x0000000084300000| Complete 
|  44|0x0000000084400000, 0x0000000084500000, 0x0000000084500000|100%| E|CS|TAMS 0x0000000084400000, 0x0000000084400000| Complete 
|  45|0x0000000084500000, 0x0000000084600000, 0x0000000084600000|100%| E|CS|TAMS 0x0000000084500000, 0x0000000084500000| Complete 
|  46|0x0000000084600000, 0x0000000084700000, 0x0000000084700000|100%| E|CS|TAMS 0x0000000084600000, 0x0000000084600000| Complete 
|  47|0x0000000084700000, 0x0000000084800000, 0x0000000084800000|100%| E|CS|TAMS 0x0000000084700000, 0x0000000084700000| Complete 
|  48|0x0000000084800000, 0x0000000084900000, 0x0000000084900000|100%| E|CS|TAMS 0x0000000084800000, 0x0000000084800000| Complete 
|  49|0x0000000084900000, 0x0000000084a00000, 0x0000000084a00000|100%| E|CS|TAMS 0x0000000084900000, 0x0000000084900000| Complete 
|  50|0x0000000084a00000, 0x0000000084b00000, 0x0000000084b00000|100%| E|CS|TAMS 0x0000000084a00000, 0x0000000084a00000| Complete 
|  51|0x0000000084b00000, 0x0000000084c00000, 0x0000000084c00000|100%| E|CS|TAMS 0x0000000084b00000, 0x0000000084b00000| Complete 
|  52|0x0000000084c00000, 0x0000000084d00000, 0x0000000084d00000|100%| E|CS|TAMS 0x0000000084c00000, 0x0000000084c00000| Complete 
|  53|0x0000000084d00000, 0x0000000084e00000, 0x0000000084e00000|100%| E|CS|TAMS 0x0000000084d00000, 0x0000000084d00000| Complete 
|  54|0x0000000084e00000, 0x0000000084f00000, 0x0000000084f00000|100%| E|CS|TAMS 0x0000000084e00000, 0x0000000084e00000| Complete 
|  55|0x0000000084f00000, 0x0000000085000000, 0x0000000085000000|100%| E|CS|TAMS 0x0000000084f00000, 0x0000000084f00000| Complete 
|  56|0x0000000085000000, 0x0000000085100000, 0x0000000085100000|100%| E|CS|TAMS 0x0000000085000000, 0x0000000085000000| Complete 
|  57|0x0000000085100000, 0x0000000085200000, 0x0000000085200000|100%| E|CS|TAMS 0x0000000085100000, 0x0000000085100000| Complete 
|  58|0x0000000085200000, 0x0000000085300000, 0x0000000085300000|100%| E|CS|TAMS 0x0000000085200000, 0x0000000085200000| Complete 
|  59|0x0000000085300000, 0x0000000085400000, 0x0000000085400000|100%| E|CS|TAMS 0x0000000085300000, 0x0000000085300000| Complete 
|  60|0x0000000085400000, 0x0000000085500000, 0x0000000085500000|100%| E|CS|TAMS 0x0000000085400000, 0x0000000085400000| Complete 
|  61|0x0000000085500000, 0x0000000085600000, 0x0000000085600000|100%| E|CS|TAMS 0x0000000085500000, 0x0000000085500000| Complete 
|  62|0x0000000085600000, 0x0000000085700000, 0x0000000085700000|100%| E|CS|TAMS 0x0000000085600000, 0x0000000085600000| Complete 
|  63|0x0000000085700000, 0x0000000085800000, 0x0000000085800000|100%| E|CS|TAMS 0x0000000085700000, 0x0000000085700000| Complete 
|  64|0x0000000085800000, 0x0000000085900000, 0x0000000085900000|100%| E|CS|TAMS 0x0000000085800000, 0x0000000085800000| Complete 
|  65|0x0000000085900000, 0x0000000085a00000, 0x0000000085a00000|100%| E|CS|TAMS 0x0000000085900000, 0x0000000085900000| Complete 
|  66|0x0000000085a00000, 0x0000000085b00000, 0x0000000085b00000|100%| E|CS|TAMS 0x0000000085a00000, 0x0000000085a00000| Complete 
|  67|0x0000000085b00000, 0x0000000085c00000, 0x0000000085c00000|100%| E|CS|TAMS 0x0000000085b00000, 0x0000000085b00000| Complete 
|  68|0x0000000085c00000, 0x0000000085d00000, 0x0000000085d00000|100%| E|CS|TAMS 0x0000000085c00000, 0x0000000085c00000| Complete 
|  69|0x0000000085d00000, 0x0000000085e00000, 0x0000000085e00000|100%| E|CS|TAMS 0x0000000085d00000, 0x0000000085d00000| Complete 
|  70|0x0000000085e00000, 0x0000000085f00000, 0x0000000085f00000|100%| E|CS|TAMS 0x0000000085e00000, 0x0000000085e00000| Complete 
|  71|0x0000000085f00000, 0x0000000086000000, 0x0000000086000000|100%| E|CS|TAMS 0x0000000085f00000, 0x0000000085f00000| Complete 
|  72|0x0000000086000000, 0x0000000086100000, 0x0000000086100000|100%| E|CS|TAMS 0x0000000086000000, 0x0000000086000000| Complete 
|  73|0x0000000086100000, 0x0000000086200000, 0x0000000086200000|100%| E|CS|TAMS 0x0000000086100000, 0x0000000086100000| Complete 
|  74|0x0000000086200000, 0x0000000086300000, 0x0000000086300000|100%| E|CS|TAMS 0x0000000086200000, 0x0000000086200000| Complete 
|  75|0x0000000086300000, 0x0000000086400000, 0x0000000086400000|100%| E|CS|TAMS 0x0000000086300000, 0x0000000086300000| Complete 
|  76|0x0000000086400000, 0x0000000086500000, 0x0000000086500000|100%| E|CS|TAMS 0x0000000086400000, 0x0000000086400000| Complete 
|  77|0x0000000086500000, 0x0000000086600000, 0x0000000086600000|100%| E|CS|TAMS 0x0000000086500000, 0x0000000086500000| Complete 
|  78|0x0000000086600000, 0x0000000086700000, 0x0000000086700000|100%| E|CS|TAMS 0x0000000086600000, 0x0000000086600000| Complete 
|  79|0x0000000086700000, 0x0000000086800000, 0x0000000086800000|100%| E|CS|TAMS 0x0000000086700000, 0x0000000086700000| Complete 
|  80|0x0000000086800000, 0x0000000086900000, 0x0000000086900000|100%| E|CS|TAMS 0x0000000086800000, 0x0000000086800000| Complete 
|  81|0x0000000086900000, 0x0000000086a00000, 0x0000000086a00000|100%| E|CS|TAMS 0x0000000086900000, 0x0000000086900000| Complete 
|  87|0x0000000086f00000, 0x0000000086fb1510, 0x0000000087000000| 69%| E|CS|TAMS 0x0000000086f00000, 0x0000000086f00000| Complete 
|  88|0x0000000087000000, 0x0000000087100000, 0x0000000087100000|100%| E|CS|TAMS 0x0000000087000000, 0x0000000087000000| Complete 
|  89|0x0000000087100000, 0x0000000087200000, 0x0000000087200000|100%| E|CS|TAMS 0x0000000087100000, 0x0000000087100000| Complete 
|  90|0x0000000087200000, 0x0000000087300000, 0x0000000087300000|100%| E|CS|TAMS 0x0000000087200000, 0x0000000087200000| Complete 
|  91|0x0000000087300000, 0x0000000087400000, 0x0000000087400000|100%| E|CS|TAMS 0x0000000087300000, 0x0000000087300000| Complete 
|  92|0x0000000087400000, 0x0000000087500000, 0x0000000087500000|100%| E|CS|TAMS 0x0000000087400000, 0x0000000087400000| Complete 
|  93|0x0000000087500000, 0x0000000087600000, 0x0000000087600000|100%| E|CS|TAMS 0x0000000087500000, 0x0000000087500000| Complete 
|  94|0x0000000087600000, 0x0000000087700000, 0x0000000087700000|100%| E|CS|TAMS 0x0000000087600000, 0x0000000087600000| Complete 
|  95|0x0000000087700000, 0x0000000087800000, 0x0000000087800000|100%| E|CS|TAMS 0x0000000087700000, 0x0000000087700000| Complete 
| 125|0x0000000089500000, 0x0000000089600000, 0x0000000089600000|100%| E|CS|TAMS 0x0000000089500000, 0x0000000089500000| Complete 
| 126|0x0000000089600000, 0x0000000089700000, 0x0000000089700000|100%| E|CS|TAMS 0x0000000089600000, 0x0000000089600000| Complete 
| 127|0x0000000089700000, 0x0000000089800000, 0x0000000089800000|100%| E|CS|TAMS 0x0000000089700000, 0x0000000089700000| Complete 

Card table byte_map: [0x0000024b36c80000,0x0000024b37080000] _byte_map_base: 0x0000024b36874000

Marking Bits (Prev, Next): (CMBitMap*) 0x0000024b1f1908d8, (CMBitMap*) 0x0000024b1f190898
 Prev Bits: [0x0000024b39420000, 0x0000024b3b3c0000)
 Next Bits: [0x0000024b37480000, 0x0000024b39420000)

Polling page: 0x0000024b1e8c0000

Metaspace:

Usage:
  Non-class:     21.66 MB capacity,    21.31 MB ( 98%) used,   307.34 KB (  1%) free+waste,    59.94 KB ( <1%) overhead. 
      Class:      2.77 MB capacity,     2.54 MB ( 92%) used,   204.31 KB (  7%) free+waste,    28.44 KB (  1%) overhead. 
       Both:     24.43 MB capacity,    23.85 MB ( 98%) used,   511.65 KB (  2%) free+waste,    88.38 KB ( <1%) overhead. 

Virtual space:
  Non-class space:       22.00 MB reserved,      21.75 MB ( 99%) committed 
      Class space:        1.00 GB reserved,       2.88 MB ( <1%) committed 
             Both:        1.02 GB reserved,      24.63 MB (  2%) committed 

Chunk freelists:
   Non-Class:  24.00 KB
       Class:  14.00 KB
        Both:  38.00 KB

MaxMetaspaceSize: 17179869184.00 GB
CompressedClassSpaceSize: 1.00 GB

CodeHeap 'non-profiled nmethods': size=120000Kb used=2386Kb max_used=2386Kb free=117613Kb
 bounds [0x0000024b2f350000, 0x0000024b2f5c0000, 0x0000024b36880000]
CodeHeap 'profiled nmethods': size=120000Kb used=8000Kb max_used=8000Kb free=111999Kb
 bounds [0x0000024b27e20000, 0x0000024b28600000, 0x0000024b2f350000]
CodeHeap 'non-nmethods': size=5760Kb used=1254Kb max_used=1289Kb free=4505Kb
 bounds [0x0000024b27880000, 0x0000024b27af0000, 0x0000024b27e20000]
 total_blobs=4728 nmethods=3021 adapters=445
 compilation: enabled
              stopped_count=0, restarted_count=0
 full_count=0

Compilation events (20 events):
Event: 8.928 Thread 0x0000024b3e16b800 nmethod 3010 0x0000024b285da910 code [0x0000024b285daae0, 0x0000024b285daef8]
Event: 8.928 Thread 0x0000024b3e16b800 3009       3       java.lang.String::subSequence (7 bytes)
Event: 8.928 Thread 0x0000024b3e16b800 nmethod 3009 0x0000024b285db090 code [0x0000024b285db240, 0x0000024b285db388]
Event: 8.928 Thread 0x0000024b3e16b800 3011       3       com.google.common.base.CharMatcher::indexIn (48 bytes)
Event: 8.928 Thread 0x0000024b3e16b800 nmethod 3011 0x0000024b285db410 code [0x0000024b285db620, 0x0000024b285dbd28]
Event: 8.928 Thread 0x0000024b3e16b800 3012       3       com.google.common.base.Splitter$1$1::separatorStart (16 bytes)
Event: 8.928 Thread 0x0000024b3e16b800 nmethod 3012 0x0000024b285dc010 code [0x0000024b285dc1c0, 0x0000024b285dc3c8]
Event: 8.928 Thread 0x0000024b3e16b800 3013       3       com.google.common.base.Splitter$SplittingIterator::computeNext (5 bytes)
Event: 8.929 Thread 0x0000024b3e16b800 nmethod 3013 0x0000024b285dc490 code [0x0000024b285dc640, 0x0000024b285dc828]
Event: 8.936 Thread 0x0000024b3e11b000 3014       4       org.aspectj.apache.bcel.generic.Type::getType (232 bytes)
Event: 8.940 Thread 0x0000024b3e16b800 3015       3       com.google.common.base.Splitter$1$1::separatorEnd (4 bytes)
Event: 8.941 Thread 0x0000024b3e16b800 nmethod 3015 0x0000024b285dc910 code [0x0000024b285dcaa0, 0x0000024b285dcbb8]
Event: 8.941 Thread 0x0000024b3e16b800 3016       3       com.google.common.base.AbstractIterator::next (34 bytes)
Event: 8.941 Thread 0x0000024b3e16b800 nmethod 3016 0x0000024b285dcc90 code [0x0000024b285dce60, 0x0000024b285dd178]
Event: 8.941 Thread 0x0000024b3e16b800 3017       3       com.google.common.collect.ImmutableList$Builder::add (34 bytes)
Event: 8.941 Thread 0x0000024b3e16b800 nmethod 3017 0x0000024b285dd290 code [0x0000024b285dd460, 0x0000024b285dd8f8]
Event: 8.941 Thread 0x0000024b3e16b800 3018       3       com.google.common.base.AbstractIterator::tryToComputeNext (36 bytes)
Event: 8.941 Thread 0x0000024b3e16b800 nmethod 3018 0x0000024b285dda90 code [0x0000024b285ddc40, 0x0000024b285ddfc8]
Event: 8.944 Thread 0x0000024b3e16b800 3020       3       java.util.regex.Matcher::getTextLength (10 bytes)
Event: 8.945 Thread 0x0000024b3e16b800 nmethod 3020 0x0000024b285de090 code [0x0000024b285de240, 0x0000024b285de428]

GC Heap History (10 events):
Event: 1.219 GC heap before
{Heap before GC invocations=0 (full 0):
 garbage-first heap   total 131072K, used 12288K [0x0000000081800000, 0x0000000100000000)
  region size 1024K, 13 young (13312K), 0 survivors (0K)
 Metaspace       used 4346K, capacity 6770K, committed 6912K, reserved 1056768K
  class space    used 432K, capacity 660K, committed 768K, reserved 1048576K
}
Event: 1.227 GC heap after
{Heap after GC invocations=1 (full 0):
 garbage-first heap   total 131072K, used 3119K [0x0000000081800000, 0x0000000100000000)
  region size 1024K, 2 young (2048K), 2 survivors (2048K)
 Metaspace       used 4346K, capacity 6770K, committed 6912K, reserved 1056768K
  class space    used 432K, capacity 660K, committed 768K, reserved 1048576K
}
Event: 1.733 GC heap before
{Heap before GC invocations=1 (full 0):
 garbage-first heap   total 131072K, used 17455K [0x0000000081800000, 0x0000000100000000)
  region size 1024K, 17 young (17408K), 2 survivors (2048K)
 Metaspace       used 7438K, capacity 9019K, committed 9088K, reserved 1056768K
  class space    used 696K, capacity 855K, committed 896K, reserved 1048576K
}
Event: 1.738 GC heap after
{Heap after GC invocations=2 (full 0):
 garbage-first heap   total 131072K, used 5321K [0x0000000081800000, 0x0000000100000000)
  region size 1024K, 3 young (3072K), 3 survivors (3072K)
 Metaspace       used 7438K, capacity 9019K, committed 9088K, reserved 1056768K
  class space    used 696K, capacity 855K, committed 896K, reserved 1048576K
}
Event: 3.509 GC heap before
{Heap before GC invocations=2 (full 0):
 garbage-first heap   total 131072K, used 80073K [0x0000000081800000, 0x0000000100000000)
  region size 1024K, 76 young (77824K), 3 survivors (3072K)
 Metaspace       used 13499K, capacity 13742K, committed 13952K, reserved 1062912K
  class space    used 1248K, capacity 1323K, committed 1408K, reserved 1048576K
}
Event: 3.525 GC heap after
{Heap after GC invocations=3 (full 0):
 garbage-first heap   total 131072K, used 16100K [0x0000000081800000, 0x0000000100000000)
  region size 1024K, 10 young (10240K), 10 survivors (10240K)
 Metaspace       used 13499K, capacity 13742K, committed 13952K, reserved 1062912K
  class space    used 1248K, capacity 1323K, committed 1408K, reserved 1048576K
}
Event: 4.262 GC heap before
{Heap before GC invocations=3 (full 0):
 garbage-first heap   total 131072K, used 74468K [0x0000000081800000, 0x0000000100000000)
  region size 1024K, 67 young (68608K), 10 survivors (10240K)
 Metaspace       used 16598K, capacity 16905K, committed 17152K, reserved 1064960K
  class space    used 1643K, capacity 1738K, committed 1792K, reserved 1048576K
}
Event: 4.280 GC heap after
{Heap after GC invocations=4 (full 0):
 garbage-first heap   total 131072K, used 21374K [0x0000000081800000, 0x0000000100000000)
  region size 1024K, 5 young (5120K), 5 survivors (5120K)
 Metaspace       used 16598K, capacity 16905K, committed 17152K, reserved 1064960K
  class space    used 1643K, capacity 1738K, committed 1792K, reserved 1048576K
}
Event: 6.614 GC heap before
{Heap before GC invocations=4 (full 0):
 garbage-first heap   total 131072K, used 53118K [0x0000000081800000, 0x0000000100000000)
  region size 1024K, 37 young (37888K), 5 survivors (5120K)
 Metaspace       used 20886K, capacity 21177K, committed 21248K, reserved 1069056K
  class space    used 2132K, capacity 2246K, committed 2304K, reserved 1048576K
}
Event: 6.624 GC heap after
{Heap after GC invocations=5 (full 0):
 garbage-first heap   total 131072K, used 25155K [0x0000000081800000, 0x0000000100000000)
  region size 1024K, 9 young (9216K), 9 survivors (9216K)
 Metaspace       used 20886K, capacity 21177K, committed 21248K, reserved 1069056K
  class space    used 2132K, capacity 2246K, committed 2304K, reserved 1048576K
}

Deoptimization events (20 events):
Event: 7.013 Thread 0x0000024b1f151000 DEOPT PACKING pc=0x0000024b285b21ae sp=0x00000086504fa580
Event: 7.013 Thread 0x0000024b1f151000 DEOPT UNPACKING pc=0x0000024b278c964e sp=0x00000086504f9af0 mode 0
Event: 7.018 Thread 0x0000024b1f151000 DEOPT PACKING pc=0x0000024b285b21ae sp=0x00000086504f9370
Event: 7.018 Thread 0x0000024b1f151000 DEOPT UNPACKING pc=0x0000024b278c964e sp=0x00000086504f88e0 mode 0
Event: 7.024 Thread 0x0000024b1f151000 DEOPT PACKING pc=0x0000024b285b21ae sp=0x00000086504f9df0
Event: 7.024 Thread 0x0000024b1f151000 DEOPT UNPACKING pc=0x0000024b278c964e sp=0x00000086504f9360 mode 0
Event: 7.026 Thread 0x0000024b1f151000 DEOPT PACKING pc=0x0000024b285b21ae sp=0x00000086504f9e80
Event: 7.026 Thread 0x0000024b1f151000 DEOPT UNPACKING pc=0x0000024b278c964e sp=0x00000086504f93f0 mode 0
Event: 7.029 Thread 0x0000024b1f151000 DEOPT PACKING pc=0x0000024b285b21ae sp=0x00000086504f8d00
Event: 7.029 Thread 0x0000024b1f151000 DEOPT UNPACKING pc=0x0000024b278c964e sp=0x00000086504f8270 mode 0
Event: 7.031 Thread 0x0000024b1f151000 DEOPT PACKING pc=0x0000024b28284ad5 sp=0x00000086504f77e0
Event: 7.031 Thread 0x0000024b1f151000 DEOPT UNPACKING pc=0x0000024b278c964e sp=0x00000086504f6d50 mode 0
Event: 7.046 Thread 0x0000024b1f151000 Uncommon trap: trap_request=0xffffff45 fr.pc=0x0000024b2f38b398 relative=0x00000000000000b8
Event: 7.046 Thread 0x0000024b1f151000 Uncommon trap: reason=unstable_if action=reinterpret pc=0x0000024b2f38b398 method=sun.net.www.ParseUtil.firstEncodeIndex(Ljava/lang/String;)I @ 51 c2
Event: 7.046 Thread 0x0000024b1f151000 DEOPT PACKING pc=0x0000024b2f38b398 sp=0x00000086504f8360
Event: 7.046 Thread 0x0000024b1f151000 DEOPT UNPACKING pc=0x0000024b278c912f sp=0x00000086504f82e8 mode 2
Event: 8.825 Thread 0x0000024b1f151000 Uncommon trap: trap_request=0xffffffcc fr.pc=0x0000024b2f4bc42c relative=0x00000000000001ac
Event: 8.825 Thread 0x0000024b1f151000 Uncommon trap: reason=intrinsic_or_type_checked_inlining action=make_not_entrant pc=0x0000024b2f4bc42c method=java.util.Arrays.copyOf([Ljava/lang/Object;ILjava/lang/Class;)[Ljava/lang/Object; @ 35 c2
Event: 8.825 Thread 0x0000024b1f151000 DEOPT PACKING pc=0x0000024b2f4bc42c sp=0x00000086504fd530
Event: 8.825 Thread 0x0000024b1f151000 DEOPT UNPACKING pc=0x0000024b278c912f sp=0x00000086504fd4d8 mode 2

Classes unloaded (1 events):
Event: 6.658 Thread 0x0000024b3d8ee800 Unloading class 0x0000000800ba3440 'sun/nio/ch/NioSocketImpl$$Lambda$29'

Classes redefined (0 events):
No events

Internal exceptions (20 events):
Event: 5.307 Thread 0x0000024b3f7bb800 Exception <a 'java/lang/NoSuchMethodError'{0x0000000087c38b28}: 'void java.lang.invoke.DirectMethodHandle$Holder.invokeStatic(java.lang.Object, long)'> (0x0000000087c38b28) 
thrown [./open/src/hotspot/share/interpreter/linkResolver.cpp, line 766]
Event: 5.310 Thread 0x0000024b3f7bb800 Exception <a 'java/lang/NoSuchMethodError'{0x0000000087c45d38}: 'java.lang.Object java.lang.invoke.DirectMethodHandle$Holder.invokeStaticInit(java.lang.Object, java.lang.Object, long, java.lang.Object)'> (0x0000000087c45d38) 
thrown [./open/src/hotspot/share/interpreter/linkResolver.cpp, line 766]
Event: 5.311 Thread 0x0000024b3f7bb800 Exception <a 'java/lang/NoSuchMethodError'{0x0000000087c4b198}: 'java.lang.Object java.lang.invoke.Invokers$Holder.linkToTargetMethod(java.lang.Object, long, java.lang.Object)'> (0x0000000087c4b198) 
thrown [./open/src/hotspot/share/interpreter/linkResolver.cpp, line 766]
Event: 5.399 Thread 0x0000024b40cfc800 Exception <a 'java/net/SocketException'{0x0000000087c93f68}: Socket is not connected: shutdown> (0x0000000087c93f68) 
thrown [./open/src/hotspot/share/prims/jni.cpp, line 620]
Event: 5.931 Thread 0x0000024b40cfc800 Exception <a 'java/net/SocketException'{0x0000000087c95a88}: Socket is not connected: shutdown> (0x0000000087c95a88) 
thrown [./open/src/hotspot/share/prims/jni.cpp, line 620]
Event: 6.478 Thread 0x0000024b40cfc800 Exception <a 'java/net/SocketException'{0x0000000087c96d48}: Socket is not connected: shutdown> (0x0000000087c96d48) 
thrown [./open/src/hotspot/share/prims/jni.cpp, line 620]
Event: 6.593 Thread 0x0000024b1f151000 Exception <a 'java/lang/NoSuchMethodError'{0x0000000087970cc0}: 'java.lang.Object java.lang.invoke.DirectMethodHandle$Holder.invokeInterface(java.lang.Object, java.lang.Object, java.lang.Object)'> (0x0000000087970cc0) 
thrown [./open/src/hotspot/share/interpreter/linkResolver.cpp, line 766]
Event: 6.593 Thread 0x0000024b1f151000 Exception <a 'java/lang/IncompatibleClassChangeError'{0x0000000087973d30}: Found class java.lang.Object, but interface was expected> (0x0000000087973d30) 
thrown [./open/src/hotspot/share/interpreter/linkResolver.cpp, line 832]
Event: 6.595 Thread 0x0000024b1f151000 Exception <a 'java/lang/NoSuchMethodError'{0x000000008797c978}: 'int java.lang.invoke.DirectMethodHandle$Holder.invokeSpecialIFC(java.lang.Object, java.lang.Object, java.lang.Object, java.lang.Object)'> (0x000000008797c978) 
thrown [./open/src/hotspot/share/interpreter/linkResolver.cpp, line 766]
Event: 6.596 Thread 0x0000024b1f151000 Exception <a 'java/lang/NoSuchMethodError'{0x00000000879848b0}: 'java.lang.Object java.lang.invoke.DirectMethodHandle$Holder.invokeInterface(java.lang.Object, java.lang.Object, java.lang.Object, java.lang.Object)'> (0x00000000879848b0) 
thrown [./open/src/hotspot/share/interpreter/linkResolver.cpp, line 766]
Event: 6.608 Thread 0x0000024b1f151000 Exception <a 'java/lang/NoSuchMethodError'{0x0000000087800898}: 'java.lang.Object java.lang.invoke.DirectMethodHandle$Holder.invokeVirtual(java.lang.Object, java.lang.Object, java.lang.Object)'> (0x0000000087800898) 
thrown [./open/src/hotspot/share/interpreter/linkResolver.cpp, line 766]
Event: 6.694 Thread 0x0000024b1f151000 Exception <a 'java/lang/NoSuchMethodError'{0x0000000086737210}: 'int java.lang.invoke.DirectMethodHandle$Holder.invokeVirtual(java.lang.Object, java.lang.Object)'> (0x0000000086737210) 
thrown [./open/src/hotspot/share/interpreter/linkResolver.cpp, line 766]
Event: 6.695 Thread 0x0000024b1f151000 Exception <a 'java/lang/NoSuchMethodError'{0x000000008673c740}: 'double java.lang.invoke.DirectMethodHandle$Holder.invokeVirtual(java.lang.Object, java.lang.Object)'> (0x000000008673c740) 
thrown [./open/src/hotspot/share/interpreter/linkResolver.cpp, line 766]
Event: 6.695 Thread 0x0000024b1f151000 Exception <a 'java/lang/NoSuchMethodError'{0x0000000086741f00}: 'float java.lang.invoke.DirectMethodHandle$Holder.invokeVirtual(java.lang.Object, java.lang.Object)'> (0x0000000086741f00) 
thrown [./open/src/hotspot/share/interpreter/linkResolver.cpp, line 766]
Event: 6.696 Thread 0x0000024b1f151000 Exception <a 'java/lang/NoSuchMethodError'{0x0000000086749920}: 'long java.lang.invoke.DirectMethodHandle$Holder.invokeVirtual(java.lang.Object, java.lang.Object)'> (0x0000000086749920) 
thrown [./open/src/hotspot/share/interpreter/linkResolver.cpp, line 766]
Event: 6.745 Thread 0x0000024b1f151000 Exception <a 'java/lang/NoSuchMethodError'{0x00000000863fc440}: 'void java.lang.invoke.DirectMethodHandle$Holder.invokeSpecial(java.lang.Object, java.lang.Object, java.lang.Object, java.lang.Object, java.lang.Object)'> (0x00000000863fc440) 
thrown [./open/src/hotspot/share/interpreter/linkResolver.cpp, line 766]
Event: 6.823 Thread 0x0000024b1f151000 Exception <a 'java/lang/NoSuchMethodError'{0x0000000085c5b808}: 'java.lang.Object java.lang.invoke.Invokers$Holder.invokeExact_MT(java.lang.Object, java.lang.Object, java.lang.Object, java.lang.Object, java.lang.Object, java.lang.Object)'> (0x0000000085c5b808) 
thrown [./open/src/hotspot/share/interpreter/linkResolver.cpp, line 766]
Event: 8.790 Thread 0x0000024b1f151000 Exception <a 'java/lang/NoSuchMethodError'{0x000000008449b508}: 'java.lang.Object java.lang.invoke.DirectMethodHandle$Holder.invokeSpecialIFC(java.lang.Object, java.lang.Object, java.lang.Object)'> (0x000000008449b508) 
thrown [./open/src/hotspot/share/interpreter/linkResolver.cpp, line 766]
Event: 8.867 Thread 0x0000024b1f151000 Exception <a 'java/lang/NoSuchMethodError'{0x00000000843be820}: 'java.lang.Object java.lang.invoke.DirectMethodHandle$Holder.invokeStatic(java.lang.Object, int, java.lang.Object)'> (0x00000000843be820) 
thrown [./open/src/hotspot/share/interpreter/linkResolver.cpp, line 766]
Event: 8.887 Thread 0x0000024b1f151000 Exception <a 'java/lang/ClassNotFoundException'{0x00000000843fbc30}: sun/util/logging/resources/spi/loggingProvider> (0x00000000843fbc30) 
thrown [./open/src/hotspot/share/classfile/systemDictionary.cpp, line 226]

Events (20 events):
Event: 8.874 loading class java/time/chrono/IsoChronology
Event: 8.875 loading class java/time/chrono/IsoChronology done
Event: 8.875 loading class java/time/zone/ZoneOffsetTransitionRule$1
Event: 8.876 loading class java/time/zone/ZoneOffsetTransitionRule$1 done
Event: 8.878 loading class java/lang/StackStreamFactory$StackFrameTraverser$StackFrameBuffer
Event: 8.878 loading class java/lang/StackStreamFactory$StackFrameTraverser$StackFrameBuffer done
Event: 8.886 loading class java/util/ResourceBundle$KeyElementReference
Event: 8.886 loading class java/util/ResourceBundle$KeyElementReference done
Event: 8.888 loading class sun/util/logging/resources/logging
Event: 8.888 loading class sun/util/logging/resources/logging done
Event: 8.888 loading class java/util/ResourceBundle$BundleReference
Event: 8.888 loading class java/util/ResourceBundle$BundleReference done
Event: 8.888 loading class sun/util/logging/resources/logging_en
Event: 8.888 loading class sun/util/logging/resources/logging_en done
Event: 8.888 loading class sun/util/logging/resources/logging_en
Event: 8.888 loading class sun/util/logging/resources/logging_en done
Event: 8.889 loading class sun/util/logging/resources/logging_en_US
Event: 8.889 loading class sun/util/logging/resources/logging_en_US done
Event: 8.889 loading class sun/util/logging/resources/logging_en_US
Event: 8.889 loading class sun/util/logging/resources/logging_en_US done


Dynamic libraries:
0x00007ff7c3ff0000 - 0x00007ff7c3ffd000 	C:\Program Files (x86)\Java\jdk-14.0.1\bin\java.exe
0x00007ff832180000 - 0x00007ff83236d000 	C:\WINDOWS\SYSTEM32\ntdll.dll
0x00007ff831380000 - 0x00007ff831433000 	C:\WINDOWS\System32\KERNEL32.DLL
0x00007ff82e330000 - 0x00007ff82e5c4000 	C:\WINDOWS\System32\KERNELBASE.dll
0x0000000075a50000 - 0x0000000075af6000 	C:\WINDOWS\System32\SYSFER.DLL
0x00007ff82e230000 - 0x00007ff82e32a000 	C:\WINDOWS\System32\ucrtbase.dll
0x00007ff8274b0000 - 0x00007ff8274c5000 	C:\Program Files (x86)\Java\jdk-14.0.1\bin\VCRUNTIME140.dll
0x00007ff8274d0000 - 0x00007ff8274e8000 	C:\Program Files (x86)\Java\jdk-14.0.1\bin\jli.dll
0x00007ff82f660000 - 0x00007ff82f7f7000 	C:\WINDOWS\System32\USER32.dll
0x00007ff82c560000 - 0x00007ff82c7d9000 	C:\WINDOWS\WinSxS\amd64_microsoft.windows.common-controls_6595b64144ccf1df_6.0.17763.1397_none_de7645305346d5dc\COMCTL32.dll
0x00007ff82ea80000 - 0x00007ff82eaa0000 	C:\WINDOWS\System32\win32u.dll
0x00007ff82fa90000 - 0x00007ff82fb2e000 	C:\WINDOWS\System32\msvcrt.dll
0x00007ff8314d0000 - 0x00007ff8314f9000 	C:\WINDOWS\System32\GDI32.dll
0x00007ff831bc0000 - 0x00007ff831eec000 	C:\WINDOWS\System32\combase.dll
0x00007ff82eaa0000 - 0x00007ff82ec3b000 	C:\WINDOWS\System32\gdi32full.dll
0x00007ff831250000 - 0x00007ff831372000 	C:\WINDOWS\System32\RPCRT4.dll
0x00007ff82e5d0000 - 0x00007ff82e64e000 	C:\WINDOWS\System32\bcryptPrimitives.dll
0x00007ff82e980000 - 0x00007ff82ea20000 	C:\WINDOWS\System32\msvcp_win.dll
0x00007ff82f8d0000 - 0x00007ff82f8d8000 	C:\WINDOWS\System32\psapi.dll
0x00007ff831f50000 - 0x00007ff831f7e000 	C:\WINDOWS\System32\IMM32.DLL
0x00007ff82e010000 - 0x00007ff82e048000 	c:\Program Files\Citrix\System32\MfApHook64.dll
0x00007ff82df50000 - 0x00007ff82df62000 	c:\Program Files\Citrix\IcaService\FullScreenHook64.dll
0x00007ff831520000 - 0x00007ff8315c3000 	C:\WINDOWS\System32\ADVAPI32.dll
0x00007ff831640000 - 0x00007ff8316de000 	C:\WINDOWS\System32\sechost.dll
0x00007ff815160000 - 0x00007ff8151fb000 	C:\Program Files (x86)\Java\jdk-14.0.1\bin\MSVCP140.dll
0x00007ff82d430000 - 0x00007ff82d45a000 	c:\Program Files\Citrix\ICAService\ShellHook64.dll
0x00007ff831040000 - 0x00007ff831092000 	C:\WINDOWS\System32\SHLWAPI.dll
0x00007ff82d810000 - 0x00007ff82d91a000 	c:\Program Files\Citrix\IcaService\SCardHook64.dll
0x00007ff82d340000 - 0x00007ff82d360000 	c:\Program Files\Citrix\ICAService\cxinjime64.dll
0x00007ffffeb10000 - 0x00007fffff62e000 	C:\Program Files (x86)\Java\jdk-14.0.1\bin\server\jvm.dll
0x00007ff823640000 - 0x00007ff823649000 	C:\WINDOWS\SYSTEM32\WSOCK32.dll
0x00007ff8315d0000 - 0x00007ff83163d000 	C:\WINDOWS\System32\WS2_32.dll
0x00007ff824080000 - 0x00007ff8240a4000 	C:\WINDOWS\SYSTEM32\WINMM.dll
0x00007ff82de00000 - 0x00007ff82de0a000 	C:\WINDOWS\SYSTEM32\VERSION.dll
0x00007ff824030000 - 0x00007ff82405d000 	C:\WINDOWS\SYSTEM32\WINMMBASE.dll
0x00007ff82e650000 - 0x00007ff82e69a000 	C:\WINDOWS\System32\cfgmgr32.dll
0x00007ff82e1e0000 - 0x00007ff82e1f1000 	C:\WINDOWS\System32\kernel.appcore.dll
0x00007ff8284e0000 - 0x00007ff8284ea000 	C:\Program Files (x86)\Java\jdk-14.0.1\bin\jimage.dll
0x00007ff82bc30000 - 0x00007ff82be1d000 	C:\WINDOWS\SYSTEM32\DBGHELP.DLL
0x00007ff8272e0000 - 0x00007ff82730a000 	C:\WINDOWS\SYSTEM32\dbgcore.DLL
0x00007ff8269c0000 - 0x00007ff8269ce000 	C:\Program Files (x86)\Java\jdk-14.0.1\bin\instrument.dll
0x00007ff826a00000 - 0x00007ff826a25000 	C:\Program Files (x86)\Java\jdk-14.0.1\bin\java.dll
0x00007ff827490000 - 0x00007ff8274a6000 	C:\Program Files (x86)\Java\jdk-14.0.1\bin\zip.dll
0x00007ff82fb30000 - 0x00007ff831028000 	C:\WINDOWS\System32\SHELL32.dll
0x00007ff82f3a0000 - 0x00007ff82f449000 	C:\WINDOWS\System32\shcore.dll
0x00007ff82ec40000 - 0x00007ff82f393000 	C:\WINDOWS\System32\windows.storage.dll
0x00007ff82e200000 - 0x00007ff82e224000 	C:\WINDOWS\System32\profapi.dll
0x00007ff82e180000 - 0x00007ff82e1dd000 	C:\WINDOWS\System32\powrprof.dll
0x00007ff82e8b0000 - 0x00007ff82e8c7000 	C:\WINDOWS\System32\cryptsp.dll
0x00007ff826db0000 - 0x00007ff826dc9000 	C:\Program Files (x86)\Java\jdk-14.0.1\bin\net.dll
0x00007ff8291b0000 - 0x00007ff8292a2000 	C:\WINDOWS\SYSTEM32\WINHTTP.dll
0x00007ff82d080000 - 0x00007ff82d0e7000 	C:\WINDOWS\system32\mswsock.dll
0x00007ff826c40000 - 0x00007ff826c52000 	C:\Program Files (x86)\Java\jdk-14.0.1\bin\nio.dll
0x00007ff81fd50000 - 0x00007ff81fd60000 	C:\Program Files (x86)\Java\jdk-14.0.1\bin\verify.dll
0x00007ff8167b0000 - 0x00007ff8167ca000 	C:\Program Files\JetBrains\IntelliJ IDEA Community Edition 2020.1.3\bin\breakgen64.dll
0x00007ff82cc00000 - 0x00007ff82cc33000 	C:\WINDOWS\system32\rsaenh.dll
0x00007ff82e6a0000 - 0x00007ff82e6c6000 	C:\WINDOWS\System32\bcrypt.dll
0x00007ff82e050000 - 0x00007ff82e078000 	C:\WINDOWS\SYSTEM32\USERENV.dll
0x00007ff82d2b0000 - 0x00007ff82d2bc000 	C:\WINDOWS\SYSTEM32\CRYPTBASE.dll
0x00007ff82cda0000 - 0x00007ff82cddd000 	C:\WINDOWS\SYSTEM32\IPHLPAPI.DLL
0x00007ff831030000 - 0x00007ff831038000 	C:\WINDOWS\System32\NSI.dll
0x00007ff829890000 - 0x00007ff8298a6000 	C:\WINDOWS\SYSTEM32\dhcpcsvc6.DLL
0x00007ff8296a0000 - 0x00007ff8296bc000 	C:\WINDOWS\SYSTEM32\dhcpcsvc.DLL
0x00007ff82cde0000 - 0x00007ff82cea7000 	C:\WINDOWS\SYSTEM32\DNSAPI.dll
0x00007ff826290000 - 0x00007ff82629a000 	C:\Windows\System32\rasadhlp.dll
0x00007ff829920000 - 0x00007ff829999000 	C:\WINDOWS\System32\fwpuclnt.dll
0x00007ff827b10000 - 0x00007ff827b1e000 	C:\Program Files (x86)\Java\jdk-14.0.1\bin\sunmscapi.dll
0x00007ff82e6d0000 - 0x00007ff82e8ac000 	C:\WINDOWS\System32\CRYPT32.dll
0x00007ff82e160000 - 0x00007ff82e172000 	C:\WINDOWS\System32\MSASN1.dll
0x00007ff82d4f0000 - 0x00007ff82d516000 	C:\WINDOWS\SYSTEM32\ncrypt.dll
0x00007ff82d4b0000 - 0x00007ff82d4ec000 	C:\WINDOWS\SYSTEM32\NTASN1.dll
0x00007ff81bcf0000 - 0x00007ff81bd15000 	C:\Program Files (x86)\Java\jdk-14.0.1\bin\sunec.dll

dbghelp: loaded successfully - version: 4.0.5 - missing functions: none
symbol engine: initialized successfully - sym options: 0x614 - pdb path: .;C:\Program Files (x86)\Java\jdk-14.0.1\bin;C:\WINDOWS\SYSTEM32;C:\WINDOWS\WinSxS\amd64_microsoft.windows.common-controls_6595b64144ccf1df_6.0.17763.1397_none_de7645305346d5dc;c:\Program Files\Citrix\System32;c:\Program Files\Citrix\IcaService;C:\Program Files (x86)\Java\jdk-14.0.1\bin\server;C:\Program Files\JetBrains\IntelliJ IDEA Community Edition 2020.1.3\bin

VM Arguments:
jvm_args: -ea -javaagent:C:\Users\n1514868\.m2\repository/org/aspectj/aspectjweaver/1.9.2/aspectjweaver-1.9.2.jar -Didea.test.cyclic.buffer.size=1048576 -javaagent:C:\Program Files\JetBrains\IntelliJ IDEA Community Edition 2020.1.3\lib\idea_rt.jar=61901:C:\Program Files\JetBrains\IntelliJ IDEA Community Edition 2020.1.3\bin -Dfile.encoding=UTF-8 
java_command: com.intellij.rt.testng.RemoteTestNGStarter -usedefaultlisteners false -socket61900 @w@C:\Users\n1514868\AppData\Local\Temp\idea_working_dirs_testng.tmp -temp C:\Users\n1514868\AppData\Local\Temp\idea_testng.tmp
java_class_path (initial): C:\Program Files\JetBrains\IntelliJ IDEA Community Edition 2020.1.3\lib\idea_rt.jar;C:\Program Files\JetBrains\IntelliJ IDEA Community Edition 2020.1.3\plugins\testng\lib\testng-rt.jar;C:\Users\n1514868\Desktop\Liberty\target\test-classes;C:\Users\n1514868\Desktop\Liberty\target\classes;C:\Users\n1514868\.m2\repository\org\seleniumhq\selenium\selenium-chrome-driver\3.141.59\selenium-chrome-driver-3.141.59.jar;C:\Users\n1514868\.m2\repository\org\seleniumhq\selenium\selenium-api\3.141.59\selenium-api-3.141.59.jar;C:\Users\n1514868\.m2\repository\org\seleniumhq\selenium\selenium-remote-driver\3.141.59\selenium-remote-driver-3.141.59.jar;C:\Users\n1514868\.m2\repository\net\bytebuddy\byte-buddy\1.8.15\byte-buddy-1.8.15.jar;C:\Users\n1514868\.m2\repository\org\apache\commons\commons-exec\1.3\commons-exec-1.3.jar;C:\Users\n1514868\.m2\repository\com\google\guava\guava\25.0-jre\guava-25.0-jre.jar;C:\Users\n1514868\.m2\repository\com\google\code\findbugs\jsr305\1.3.9\jsr305-1.3.9.jar;C:\Users\n1514868\.m2\repository\org\checkerframework\checker-compat-qual\2.0.0\checker-compat-qual-2.0.0.jar;C:\Users\n1514868\.m2\repository\com\google\errorprone\error_prone_annotations\2.1.3\error_prone_annotations-2.1.3.jar;C:\Users\n1514868\.m2\repository\com\google\j2objc\j2objc-annotations\1.1\j2objc-annotations-1.1.jar;C:\Users\n1514868\.m2\repository\org\codehaus\mojo\animal-sniffer-annotations\1.14\animal-sniffer-annotations-1.14.jar;C:\Users\n1514868\.m2\repository\com\squareup\okhttp3\okhttp\3.11.0\okhttp-3.11.0.jar;C:\Users\n1514868\.m2\repository\com\squareup\okio\okio\1.14.0\okio-1.14.0.jar;C:\Users\n1514868\.m2\repository\org\testng\testng\6.14.3\testng-6.14.3.jar;C:\Users\n1514868\.m2\repository\com\beust\jcommander\1.72\jcommander-1.72.jar;C:\Users\n1514868\.m2\repository\org\apache-extras\beanshell\bsh\2.0b6\bsh-2.0b6.jar;C:\Users\n1514868\.m2\repository\org\seleniumhq\selenium\selenium-support\3.141.59\selenium-support-3.141.59.jar;C:\Users\n15
Launcher Type: SUN_STANDARD

[Global flags]
     intx CICompilerCount                          = 3                                         {product} {ergonomic}
     uint ConcGCThreads                            = 1                                         {product} {ergonomic}
     uint G1ConcRefinementThreads                  = 4                                         {product} {ergonomic}
   size_t G1HeapRegionSize                         = 1048576                                   {product} {ergonomic}
    uintx GCDrainStackTargetSize                   = 64                                        {product} {ergonomic}
   size_t InitialHeapSize                          = 134217728                                 {product} {ergonomic}
   size_t MarkStackSize                            = 4194304                                   {product} {ergonomic}
   size_t MaxHeapSize                              = 2122317824                                {product} {ergonomic}
   size_t MaxNewSize                               = 1272971264                                {product} {ergonomic}
   size_t MinHeapDeltaBytes                        = 1048576                                   {product} {ergonomic}
   size_t MinHeapSize                              = 8388608                                   {product} {ergonomic}
    uintx NonNMethodCodeHeapSize                   = 5832780                                {pd product} {ergonomic}
    uintx NonProfiledCodeHeapSize                  = 122912730                              {pd product} {ergonomic}
    uintx ProfiledCodeHeapSize                     = 122912730                              {pd product} {ergonomic}
    uintx ReservedCodeCacheSize                    = 251658240                              {pd product} {ergonomic}
     bool SegmentedCodeCache                       = true                                      {product} {ergonomic}
   size_t SoftMaxHeapSize                          = 2122317824                             {manageable} {ergonomic}
     bool UseCompressedClassPointers               = true                                 {lp64_product} {ergonomic}
     bool UseCompressedOops                        = true                                 {lp64_product} {ergonomic}
     bool UseG1GC                                  = true                                      {product} {ergonomic}
     bool UseLargePagesIndividualAllocation        = false                                  {pd product} {ergonomic}

Logging:
Log output configuration:
 #0: stdout all=warning uptime,level,tags
 #1: stderr all=off uptime,level,tags

Environment Variables:
JAVA_HOME=C:\Program Files (x86)\Java\jdk-14.0.1
PATH=C:\Program Files (x86)\RSA SecurID Token Common;C:\WINDOWS\system32;C:\WINDOWS;C:\WINDOWS\System32\Wbem;C:\WINDOWS\System32\WindowsPowerShell\v1.0\;C:\WINDOWS\System32\OpenSSH\;c:\Program Files\Citrix\System32\;c:\Program Files\Citrix\ICAService\;C:\Program Files (x86)\Java\jdk-14.0.1\bin;C:\Program Files (x86)\Java\apache-maven-3.6.3\bin;C:\Program Files\Git\cmd;C:\Program Files (x86)\Java\Webdrivers;;C:\Program Files\Docker\Docker\resources\bin;C:\ProgramData\DockerDesktop\version-bin;C:\Users\n1514868\scoop\shims;C:\Users\n1514868\AppData\Local\Microsoft\WindowsApps;;C:\Program Files\JetBrains\IntelliJ IDEA Community Edition 2020.1.3\bin;
USERNAME=n1514868
OS=Windows_NT
PROCESSOR_IDENTIFIER=Intel64 Family 6 Model 85 Stepping 0, GenuineIntel



---------------  S Y S T E M  ---------------

OS: Windows 10 , 64 bit Build 17763 (10.0.17763.1339)
OS uptime: 20 days 14:05 hours
VMWare virtualization detected

CPU:total 4 (initial active 4) (2 cores per cpu, 1 threads per core) family 6 model 85 stepping 0, cmov, cx8, fxsr, mmx, sse, sse2, sse3, ssse3, sse4.1, sse4.2, popcnt, avx, avx2, aes, clmul, erms, 3dnowpref, lzcnt, tsc, tscinvbit, bmi1, bmi2, adx, fma

Memory: 4k page, system-wide physical 8091M (668M free)
TotalPageFile size 18227M (AvailPageFile size 5M)
current process WorkingSet (physical memory assigned to process): 205M, peak: 218M
current process commit charge ("private bytes"): 246M, peak: 279M

vm_info: OpenJDK 64-Bit Server VM (14.0.1+7) for windows-amd64 JRE (14.0.1+7), built on Mar  5 2020 10:30:04 by "mach5one" with MS VC++ 15.9 (VS2017)

END.
